<?xml version="1.0" encoding="UTF-8"?>
<!-- Generated by org.testng.reporters.JUnitXMLReporter -->
<testsuite hostname="USER-PC" ignored="0" name="Default test" tests="4" failures="0" timestamp="09 May 2018 17:56:04 GMT" time="0.123" errors="0">
  <testcase name="User_Enter_userID_and_Password1" time="0.027" classname="MavenDemo.MavenCucumber.RunnerClass"/>
  <testcase name="user_Login_successful1" time="0.002" classname="MavenDemo.MavenCucumber.RunnerClass"/>
  <testcase name="user_navigate" time="0.002" classname="MavenDemo.MavenCucumber.RunnerClass"/>
  <testcase name="user_unable_to_login1" time="0.002" classname="MavenDemo.MavenCucumber.RunnerClass"/>
</testsuite> <!-- Default test -->
